dh_quilt_patch
override_dh_autoreconf dh_autoreconf
dh_autoreconf
override_dh_auto_configure dh_auto_configure
dh_auto_configure
override_dh_auto_build dh_auto_build
dh_auto_build
dh_auto_test
dh_prep
dh_installdirs
dh_auto_install
dh_install
dh_installdocs
dh_installchangelogs
dh_installman
dh_pysupport
dh_perl
dh_link
dh_compress
dh_fixperms
dh_installdeb
dh_gencontrol
dh_md5sums
override_dh_builddeb dh_builddeb
override_dh_builddeb dh_builddeb
override_dh_builddeb dh_builddeb
override_dh_builddeb dh_builddeb
dh_builddeb
