This file contains any messages produced by compilers while
running configure, to aid debugging if configure makes a mistake.

It was created by xkeyboard-config configure 2.12, which was
generated by GNU Autoconf 2.69.  Invocation command line was

  $ ../configure --build=x86_64-linux-gnu --prefix=/usr --includedir=${prefix}/include --mandir=${prefix}/share/man --infodir=${prefix}/share/info --sysconfdir=/etc --localstatedir=/var --libexecdir=${prefix}/lib/xkeyboard-config --disable-maintainer-mode --disable-dependency-tracking --with-xkb-rules-symlink=xfree86,xorg --with-xkb-base=/usr/share/X11/xkb --disable-runtime-deps

## --------- ##
## Platform. ##
## --------- ##

hostname = hugh-Peppy
uname -m = x86_64
uname -r = 4.1.6-galliumos
uname -s = Linux
uname -v = #19 SMP PREEMPT Wed Nov 4 21:13:11 MST 2015

/usr/bin/uname -p = unknown
/bin/uname -X     = unknown

/bin/arch              = unknown
/usr/bin/arch -k       = unknown
/usr/convex/getsysinfo = unknown
/usr/bin/hostinfo      = unknown
/bin/machine           = unknown
/usr/bin/oslevel       = unknown
/bin/universe          = unknown

PATH: /usr/local/bin
PATH: /usr/bin
PATH: /bin
PATH: /usr/local/games
PATH: /usr/games


## ----------- ##
## Core tests. ##
## ----------- ##

configure:2101: checking for a BSD-compatible install
configure:2169: result: /usr/bin/install -c
configure:2180: checking whether build environment is sane
configure:2235: result: yes
configure:2386: checking for a thread-safe mkdir -p
configure:2425: result: /bin/mkdir -p
configure:2432: checking for gawk
configure:2448: found /usr/bin/gawk
configure:2459: result: gawk
configure:2470: checking whether make sets $(MAKE)
configure:2492: result: yes
configure:2521: checking whether make supports nested variables
configure:2538: result: yes
configure:2665: checking whether to enable maintainer-specific portions of Makefiles
configure:2674: result: no
configure:2704: checking build system type
configure:2718: result: x86_64-pc-linux-gnu
configure:2738: checking host system type
configure:2751: result: x86_64-pc-linux-gnu
configure:2771: checking for a sed that does not truncate output
configure:2835: result: /bin/sed
configure:2948: checking for xsltproc
configure:2966: found /usr/bin/xsltproc
configure:2978: result: /usr/bin/xsltproc
configure:3057: checking for a sed that does not truncate output
configure:3121: result: /bin/sed
configure:3405: checking whether NLS is requested
configure:3414: result: yes
configure:3432: checking for intltool >= 0.30
configure:3434: result: 0.51.0 found
configure:3442: checking for intltool-update
configure:3460: found /usr/bin/intltool-update
configure:3472: result: /usr/bin/intltool-update
configure:3482: checking for intltool-merge
configure:3500: found /usr/bin/intltool-merge
configure:3512: result: /usr/bin/intltool-merge
configure:3522: checking for intltool-extract
configure:3540: found /usr/bin/intltool-extract
configure:3552: result: /usr/bin/intltool-extract
configure:3706: checking for xgettext
configure:3724: found /usr/bin/xgettext
configure:3736: result: /usr/bin/xgettext
configure:3746: checking for msgmerge
configure:3764: found /usr/bin/msgmerge
configure:3776: result: /usr/bin/msgmerge
configure:3786: checking for msgfmt
configure:3804: found /usr/bin/msgfmt
configure:3816: result: /usr/bin/msgfmt
configure:3826: checking for gmsgfmt
configure:3857: result: /usr/bin/msgfmt
configure:3877: checking for perl
configure:3895: found /usr/bin/perl
configure:3907: result: /usr/bin/perl
configure:3918: checking for perl >= 5.8.1
configure:3925: result: 5.20.2
configure:3929: checking for XML::Parser
configure:3932: result: ok
configure:3991: checking for msgfmt
configure:4023: result: /usr/bin/msgfmt
configure:4032: checking for gmsgfmt
configure:4063: result: /usr/bin/msgfmt
configure:4114: checking for xgettext
configure:4146: result: /usr/bin/xgettext
configure:4192: checking for msgmerge
configure:4223: result: /usr/bin/msgmerge
configure:4268: checking for style of include used by make
configure:4296: result: GNU
configure:4367: checking for gcc
configure:4383: found /usr/bin/gcc
configure:4394: result: gcc
configure:4623: checking for C compiler version
configure:4632: gcc --version >&5
gcc (Ubuntu 4.9.2-10ubuntu13) 4.9.2
Copyright (C) 2014 Free Software Foundation, Inc.
This is free software; see the source for copying conditions.  There is NO
warranty; not even for MERCHANTABILITY or FITNESS FOR A PARTICULAR PURPOSE.

configure:4643: $? = 0
configure:4632: gcc -v >&5
Using built-in specs.
COLLECT_GCC=gcc
COLLECT_LTO_WRAPPER=/usr/lib/gcc/x86_64-linux-gnu/4.9/lto-wrapper
Target: x86_64-linux-gnu
Configured with: ../src/configure -v --with-pkgversion='Ubuntu 4.9.2-10ubuntu13' --with-bugurl=file:///usr/share/doc/gcc-4.9/README.Bugs --enable-languages=c,c++,java,go,d,fortran,objc,obj-c++ --prefix=/usr --program-suffix=-4.9 --enable-shared --enable-linker-build-id --libexecdir=/usr/lib --without-included-gettext --enable-threads=posix --with-gxx-include-dir=/usr/include/c++/4.9 --libdir=/usr/lib --enable-nls --with-sysroot=/ --enable-clocale=gnu --enable-libstdcxx-debug --enable-libstdcxx-time=yes --enable-gnu-unique-object --disable-vtable-verify --enable-plugin --with-system-zlib --disable-browser-plugin --enable-java-awt=gtk --enable-gtk-cairo --with-java-home=/usr/lib/jvm/java-1.5.0-gcj-4.9-amd64/jre --enable-java-home --with-jvm-root-dir=/usr/lib/jvm/java-1.5.0-gcj-4.9-amd64 --with-jvm-jar-dir=/usr/lib/jvm-exports/java-1.5.0-gcj-4.9-amd64 --with-arch-directory=amd64 --with-ecj-jar=/usr/share/java/eclipse-ecj.jar --enable-objc-gc --enable-multiarch --disable-werror --with-arch-32=i686 --with-abi=m64 --with-multilib-list=m32,m64,mx32 --enable-multilib --with-tune=generic --enable-checking=release --build=x86_64-linux-gnu --host=x86_64-linux-gnu --target=x86_64-linux-gnu
Thread model: posix
gcc version 4.9.2 (Ubuntu 4.9.2-10ubuntu13) 
configure:4643: $? = 0
configure:4632: gcc -V >&5
gcc: error: unrecognized command line option '-V'
gcc: fatal error: no input files
compilation terminated.
configure:4643: $? = 4
configure:4632: gcc -qversion >&5
gcc: error: unrecognized command line option '-qversion'
gcc: fatal error: no input files
compilation terminated.
configure:4643: $? = 4
configure:4663: checking whether the C compiler works
configure:4685: gcc    conftest.c  >&5
configure:4689: $? = 0
configure:4737: result: yes
configure:4740: checking for C compiler default output file name
configure:4742: result: a.out
configure:4748: checking for suffix of executables
configure:4755: gcc -o conftest    conftest.c  >&5
configure:4759: $? = 0
configure:4781: result: 
configure:4803: checking whether we are cross compiling
configure:4811: gcc -o conftest    conftest.c  >&5
configure:4815: $? = 0
configure:4822: ./conftest
configure:4826: $? = 0
configure:4841: result: no
configure:4846: checking for suffix of object files
configure:4868: gcc -c   conftest.c >&5
configure:4872: $? = 0
configure:4893: result: o
configure:4897: checking whether we are using the GNU C compiler
configure:4916: gcc -c   conftest.c >&5
configure:4916: $? = 0
configure:4925: result: yes
configure:4934: checking whether gcc accepts -g
configure:4954: gcc -c -g  conftest.c >&5
configure:4954: $? = 0
configure:4995: result: yes
configure:5012: checking for gcc option to accept ISO C89
configure:5075: gcc  -c -g -O2  conftest.c >&5
configure:5075: $? = 0
configure:5088: result: none needed
configure:5113: checking whether gcc understands -c and -o together
configure:5135: gcc -c conftest.c -o conftest2.o
configure:5138: $? = 0
configure:5135: gcc -c conftest.c -o conftest2.o
configure:5138: $? = 0
configure:5150: result: yes
configure:5169: checking dependency style of gcc
configure:5280: result: none
configure:5319: checking for ld used by GCC
configure:5383: result: /usr/bin/ld
configure:5390: checking if the linker (/usr/bin/ld) is GNU ld
configure:5403: result: yes
configure:5410: checking for shared library run path origin
configure:5423: result: done
configure:5448: checking how to run the C preprocessor
configure:5479: gcc -E  conftest.c
configure:5479: $? = 0
configure:5493: gcc -E  conftest.c
conftest.c:11:28: fatal error: ac_nonexistent.h: No such file or directory
 #include <ac_nonexistent.h>
                            ^
compilation terminated.
configure:5493: $? = 1
configure: failed program was:
| /* confdefs.h */
| #define PACKAGE_NAME "xkeyboard-config"
| #define PACKAGE_TARNAME "xkeyboard-config"
| #define PACKAGE_VERSION "2.12"
| #define PACKAGE_STRING "xkeyboard-config 2.12"
| #define PACKAGE_BUGREPORT ""
| #define PACKAGE_URL ""
| #define PACKAGE "xkeyboard-config"
| #define VERSION "2.12"
| /* end confdefs.h.  */
| #include <ac_nonexistent.h>
configure:5518: result: gcc -E
configure:5538: gcc -E  conftest.c
configure:5538: $? = 0
configure:5552: gcc -E  conftest.c
conftest.c:11:28: fatal error: ac_nonexistent.h: No such file or directory
 #include <ac_nonexistent.h>
                            ^
compilation terminated.
configure:5552: $? = 1
configure: failed program was:
| /* confdefs.h */
| #define PACKAGE_NAME "xkeyboard-config"
| #define PACKAGE_TARNAME "xkeyboard-config"
| #define PACKAGE_VERSION "2.12"
| #define PACKAGE_STRING "xkeyboard-config 2.12"
| #define PACKAGE_BUGREPORT ""
| #define PACKAGE_URL ""
| #define PACKAGE "xkeyboard-config"
| #define VERSION "2.12"
| /* end confdefs.h.  */
| #include <ac_nonexistent.h>
configure:5581: checking for grep that handles long lines and -e
configure:5639: result: /bin/grep
configure:5644: checking for egrep
configure:5706: result: /bin/grep -E
configure:6264: checking for CFPreferencesCopyAppValue
configure:6282: gcc -o conftest -g -O2   conftest.c  -Wl,-framework -Wl,CoreFoundation >&5
conftest.c:11:42: fatal error: CoreFoundation/CFPreferences.h: No such file or directory
 #include <CoreFoundation/CFPreferences.h>
                                          ^
compilation terminated.
configure:6282: $? = 1
configure: failed program was:
| /* confdefs.h */
| #define PACKAGE_NAME "xkeyboard-config"
| #define PACKAGE_TARNAME "xkeyboard-config"
| #define PACKAGE_VERSION "2.12"
| #define PACKAGE_STRING "xkeyboard-config 2.12"
| #define PACKAGE_BUGREPORT ""
| #define PACKAGE_URL ""
| #define PACKAGE "xkeyboard-config"
| #define VERSION "2.12"
| /* end confdefs.h.  */
| #include <CoreFoundation/CFPreferences.h>
| int
| main ()
| {
| CFPreferencesCopyAppValue(NULL, NULL)
|   ;
|   return 0;
| }
configure:6291: result: no
configure:6298: checking for CFLocaleCopyCurrent
configure:6316: gcc -o conftest -g -O2   conftest.c  -Wl,-framework -Wl,CoreFoundation >&5
conftest.c:11:37: fatal error: CoreFoundation/CFLocale.h: No such file or directory
 #include <CoreFoundation/CFLocale.h>
                                     ^
compilation terminated.
configure:6316: $? = 1
configure: failed program was:
| /* confdefs.h */
| #define PACKAGE_NAME "xkeyboard-config"
| #define PACKAGE_TARNAME "xkeyboard-config"
| #define PACKAGE_VERSION "2.12"
| #define PACKAGE_STRING "xkeyboard-config 2.12"
| #define PACKAGE_BUGREPORT ""
| #define PACKAGE_URL ""
| #define PACKAGE "xkeyboard-config"
| #define VERSION "2.12"
| /* end confdefs.h.  */
| #include <CoreFoundation/CFLocale.h>
| int
| main ()
| {
| CFLocaleCopyCurrent();
|   ;
|   return 0;
| }
configure:6325: result: no
configure:6374: checking for GNU gettext in libc
configure:6394: gcc -o conftest -g -O2   conftest.c  >&5
configure:6394: $? = 0
configure:6403: result: yes
configure:7194: checking whether to use NLS
configure:7196: result: yes
configure:7199: checking where the gettext function comes from
configure:7210: result: libc
configure:7428: checking that generated files are newer than configure
configure:7434: result: done
configure:7477: creating ./config.status

## ---------------------- ##
## Running config.status. ##
## ---------------------- ##

This file was extended by xkeyboard-config config.status 2.12, which was
generated by GNU Autoconf 2.69.  Invocation command line was

  CONFIG_FILES    = 
  CONFIG_HEADERS  = 
  CONFIG_LINKS    = 
  CONFIG_COMMANDS = 
  $ ./config.status 

on hugh-Peppy

config.status:922: creating po/Makefile.in
config.status:922: creating Makefile
config.status:922: creating compat/Makefile
config.status:922: creating geometry/Makefile
config.status:922: creating geometry/digital_vndr/Makefile
config.status:922: creating geometry/sgi_vndr/Makefile
config.status:922: creating keycodes/Makefile
config.status:922: creating keycodes/digital_vndr/Makefile
config.status:922: creating keycodes/sgi_vndr/Makefile
config.status:922: creating rules/Makefile
config.status:922: creating rules/bin/Makefile
config.status:922: creating rules/compat/Makefile
config.status:922: creating symbols/Makefile
config.status:922: creating symbols/digital_vndr/Makefile
config.status:922: creating symbols/fujitsu_vndr/Makefile
config.status:922: creating symbols/hp_vndr/Makefile
config.status:922: creating symbols/macintosh_vndr/Makefile
config.status:922: creating symbols/nec_vndr/Makefile
config.status:922: creating symbols/nokia_vndr/Makefile
config.status:922: creating symbols/sgi_vndr/Makefile
config.status:922: creating symbols/sharp_vndr/Makefile
config.status:922: creating symbols/sony_vndr/Makefile
config.status:922: creating symbols/sun_vndr/Makefile
config.status:922: creating symbols/xfree68_vndr/Makefile
config.status:922: creating types/Makefile
config.status:922: creating xkeyboard-config.pc
config.status:922: creating docs/Makefile
config.status:922: creating man/Makefile
config.status:1079: executing po-directories commands
config.status:1079: executing depfiles commands
config.status:1079: executing po/stamp-it commands

## ---------------- ##
## Cache variables. ##
## ---------------- ##

ac_cv_build=x86_64-pc-linux-gnu
ac_cv_c_compiler_gnu=yes
ac_cv_env_CC_set=
ac_cv_env_CC_value=
ac_cv_env_CFLAGS_set=
ac_cv_env_CFLAGS_value=
ac_cv_env_CPPFLAGS_set=
ac_cv_env_CPPFLAGS_value=
ac_cv_env_CPP_set=
ac_cv_env_CPP_value=
ac_cv_env_DEPS_CFLAGS_set=
ac_cv_env_DEPS_CFLAGS_value=
ac_cv_env_DEPS_LIBS_set=
ac_cv_env_DEPS_LIBS_value=
ac_cv_env_LDFLAGS_set=
ac_cv_env_LDFLAGS_value=
ac_cv_env_LIBS_set=
ac_cv_env_LIBS_value=
ac_cv_env_PKG_CONFIG_LIBDIR_set=
ac_cv_env_PKG_CONFIG_LIBDIR_value=
ac_cv_env_PKG_CONFIG_PATH_set=
ac_cv_env_PKG_CONFIG_PATH_value=
ac_cv_env_PKG_CONFIG_set=
ac_cv_env_PKG_CONFIG_value=
ac_cv_env_XSLTPROC_set=
ac_cv_env_XSLTPROC_value=
ac_cv_env_build_alias_set=set
ac_cv_env_build_alias_value=x86_64-linux-gnu
ac_cv_env_host_alias_set=
ac_cv_env_host_alias_value=
ac_cv_env_target_alias_set=
ac_cv_env_target_alias_value=
ac_cv_host=x86_64-pc-linux-gnu
ac_cv_objext=o
ac_cv_path_EGREP='/bin/grep -E'
ac_cv_path_GMSGFMT=/usr/bin/msgfmt
ac_cv_path_GREP=/bin/grep
ac_cv_path_INTLTOOL_EXTRACT=/usr/bin/intltool-extract
ac_cv_path_INTLTOOL_MERGE=/usr/bin/intltool-merge
ac_cv_path_INTLTOOL_PERL=/usr/bin/perl
ac_cv_path_INTLTOOL_UPDATE=/usr/bin/intltool-update
ac_cv_path_MSGFMT=/usr/bin/msgfmt
ac_cv_path_MSGMERGE=/usr/bin/msgmerge
ac_cv_path_SED=/bin/sed
ac_cv_path_XGETTEXT=/usr/bin/xgettext
ac_cv_path_XSLTPROC=/usr/bin/xsltproc
ac_cv_path_install='/usr/bin/install -c'
ac_cv_path_mkdir=/bin/mkdir
ac_cv_prog_AWK=gawk
ac_cv_prog_CPP='gcc -E'
ac_cv_prog_ac_ct_CC=gcc
ac_cv_prog_cc_c89=
ac_cv_prog_cc_g=yes
ac_cv_prog_make_make_set=yes
acl_cv_hardcode_direct=no
acl_cv_hardcode_libdir_flag_spec='${wl}-rpath ${wl}$libdir'
acl_cv_hardcode_libdir_separator=
acl_cv_hardcode_minus_L=no
acl_cv_libext=a
acl_cv_libname_spec='lib$name'
acl_cv_library_names_spec='$libname$shrext'
acl_cv_path_LD=/usr/bin/ld
acl_cv_prog_gnu_ld=yes
acl_cv_rpath=done
acl_cv_shlibext=so
acl_cv_wl=-Wl,
am_cv_CC_dependencies_compiler_type=none
am_cv_make_support_nested_variables=yes
am_cv_prog_cc_c_o=yes
gt_cv_func_CFLocaleCopyCurrent=no
gt_cv_func_CFPreferencesCopyAppValue=no
gt_cv_func_gnugettext1_libc=yes

## ----------------- ##
## Output variables. ##
## ----------------- ##

ACLOCAL='${SHELL} /home/hugh/Downloads/xkeyboard-config-2.12/missing aclocal-1.14'
ADMIN_MAN_DIR='$(mandir)/man$(ADMIN_MAN_SUFFIX)'
ADMIN_MAN_SUFFIX='8'
ALL_LINGUAS='af az bg ca crh cs da de el en_GB eo es fi fr gl hr hu id it ja ka ko ky lt nb nl pl pt_BR ro ru rw sk sl sq sr sv tr uk vi zh_CN zh_TW'
AMDEPBACKSLASH=''
AMDEP_FALSE=''
AMDEP_TRUE='#'
AMTAR='$${TAR-tar}'
AM_BACKSLASH='\'
AM_DEFAULT_V='$(AM_DEFAULT_VERBOSITY)'
AM_DEFAULT_VERBOSITY='1'
AM_V='$(V)'
APP_MAN_DIR='$(mandir)/man$(APP_MAN_SUFFIX)'
APP_MAN_SUFFIX='1'
AUTOCONF='${SHELL} /home/hugh/Downloads/xkeyboard-config-2.12/missing autoconf'
AUTOHEADER='${SHELL} /home/hugh/Downloads/xkeyboard-config-2.12/missing autoheader'
AUTOMAKE='${SHELL} /home/hugh/Downloads/xkeyboard-config-2.12/missing automake-1.14'
AWK='gawk'
CC='gcc'
CCDEPMODE='depmode=none'
CFLAGS='-g -O2'
CPP='gcc -E'
CPPFLAGS=''
CREATE_RULES_SYMLINK_FALSE='#'
CREATE_RULES_SYMLINK_TRUE=''
CYGPATH_W='echo'
DEFS='-DPACKAGE_NAME=\"xkeyboard-config\" -DPACKAGE_TARNAME=\"xkeyboard-config\" -DPACKAGE_VERSION=\"2.12\" -DPACKAGE_STRING=\"xkeyboard-config\ 2.12\" -DPACKAGE_BUGREPORT=\"\" -DPACKAGE_URL=\"\" -DPACKAGE=\"xkeyboard-config\" -DVERSION=\"2.12\" -DENABLE_NLS=1 -DHAVE_GETTEXT=1 -DHAVE_DCGETTEXT=1 -DGETTEXT_PACKAGE=\"xkeyboard-config\"'
DEPDIR='.deps'
DEPS_CFLAGS=''
DEPS_LIBS=''
DRIVER_MAN_DIR='$(mandir)/man$(DRIVER_MAN_SUFFIX)'
DRIVER_MAN_SUFFIX='4'
ECHO_C=''
ECHO_N='-n'
ECHO_T=''
EGREP='/bin/grep -E'
EXEEXT=''
FILE_MAN_DIR='$(mandir)/man$(FILE_MAN_SUFFIX)'
FILE_MAN_SUFFIX='5'
GETTEXT_MACRO_VERSION='0.18'
GETTEXT_PACKAGE='xkeyboard-config'
GMSGFMT='/usr/bin/msgfmt'
GMSGFMT_015='/usr/bin/msgfmt'
GREP='/bin/grep'
HAVE_XSLTPROC_FALSE='#'
HAVE_XSLTPROC_TRUE=''
INSTALL_DATA='${INSTALL} -m 644'
INSTALL_PROGRAM='${INSTALL}'
INSTALL_SCRIPT='${INSTALL}'
INSTALL_STRIP_PROGRAM='$(install_sh) -c -s'
INTLLIBS=''
INTLTOOL_CAVES_RULE='%.caves:     %.caves.in     $(INTLTOOL_MERGE) $(wildcard $(top_srcdir)/po/*.po) ; $(INTLTOOL_V_MERGE)LC_ALL=C $(INTLTOOL_MERGE) $(INTLTOOL_V_MERGE_OPTIONS) -d -u -c $(top_builddir)/po/.intltool-merge-cache $(top_srcdir)/po $< $@'
INTLTOOL_DESKTOP_RULE='%.desktop:   %.desktop.in   $(INTLTOOL_MERGE) $(wildcard $(top_srcdir)/po/*.po) ; $(INTLTOOL_V_MERGE)LC_ALL=C $(INTLTOOL_MERGE) $(INTLTOOL_V_MERGE_OPTIONS) -d -u -c $(top_builddir)/po/.intltool-merge-cache $(top_srcdir)/po $< $@'
INTLTOOL_DIRECTORY_RULE='%.directory: %.directory.in $(INTLTOOL_MERGE) $(wildcard $(top_srcdir)/po/*.po) ; $(INTLTOOL_V_MERGE)LC_ALL=C $(INTLTOOL_MERGE) $(INTLTOOL_V_MERGE_OPTIONS) -d -u -c $(top_builddir)/po/.intltool-merge-cache $(top_srcdir)/po $< $@'
INTLTOOL_EXTRACT='/usr/bin/intltool-extract'
INTLTOOL_KBD_RULE='%.kbd:       %.kbd.in       $(INTLTOOL_MERGE) $(wildcard $(top_srcdir)/po/*.po) ; $(INTLTOOL_V_MERGE)LC_ALL=C $(INTLTOOL_MERGE) $(INTLTOOL_V_MERGE_OPTIONS) -x -u -m -c $(top_builddir)/po/.intltool-merge-cache $(top_srcdir)/po $< $@'
INTLTOOL_KEYS_RULE='%.keys:      %.keys.in      $(INTLTOOL_MERGE) $(wildcard $(top_srcdir)/po/*.po) ; $(INTLTOOL_V_MERGE)LC_ALL=C $(INTLTOOL_MERGE) $(INTLTOOL_V_MERGE_OPTIONS) -k -u -c $(top_builddir)/po/.intltool-merge-cache $(top_srcdir)/po $< $@'
INTLTOOL_MERGE='/usr/bin/intltool-merge'
INTLTOOL_OAF_RULE='%.oaf:       %.oaf.in       $(INTLTOOL_MERGE) $(wildcard $(top_srcdir)/po/*.po) ; $(INTLTOOL_V_MERGE)LC_ALL=C $(INTLTOOL_MERGE) $(INTLTOOL_V_MERGE_OPTIONS) -o -p $(top_srcdir)/po $< $@'
INTLTOOL_PERL='/usr/bin/perl'
INTLTOOL_POLICY_RULE='%.policy:    %.policy.in    $(INTLTOOL_MERGE) $(wildcard $(top_srcdir)/po/*.po) ; $(INTLTOOL_V_MERGE)LC_ALL=C $(INTLTOOL_MERGE) $(INTLTOOL_V_MERGE_OPTIONS) -x -u -c $(top_builddir)/po/.intltool-merge-cache $(top_srcdir)/po $< $@'
INTLTOOL_PONG_RULE='%.pong:      %.pong.in      $(INTLTOOL_MERGE) $(wildcard $(top_srcdir)/po/*.po) ; $(INTLTOOL_V_MERGE)LC_ALL=C $(INTLTOOL_MERGE) $(INTLTOOL_V_MERGE_OPTIONS) -x -u -c $(top_builddir)/po/.intltool-merge-cache $(top_srcdir)/po $< $@'
INTLTOOL_PROP_RULE='%.prop:      %.prop.in      $(INTLTOOL_MERGE) $(wildcard $(top_srcdir)/po/*.po) ; $(INTLTOOL_V_MERGE)LC_ALL=C $(INTLTOOL_MERGE) $(INTLTOOL_V_MERGE_OPTIONS) -d -u -c $(top_builddir)/po/.intltool-merge-cache $(top_srcdir)/po $< $@'
INTLTOOL_SCHEMAS_RULE='%.schemas:   %.schemas.in   $(INTLTOOL_MERGE) $(wildcard $(top_srcdir)/po/*.po) ; $(INTLTOOL_V_MERGE)LC_ALL=C $(INTLTOOL_MERGE) $(INTLTOOL_V_MERGE_OPTIONS) -s -u -c $(top_builddir)/po/.intltool-merge-cache $(top_srcdir)/po $< $@'
INTLTOOL_SERVER_RULE='%.server:    %.server.in    $(INTLTOOL_MERGE) $(wildcard $(top_srcdir)/po/*.po) ; $(INTLTOOL_V_MERGE)LC_ALL=C $(INTLTOOL_MERGE) $(INTLTOOL_V_MERGE_OPTIONS) -o -u -c $(top_builddir)/po/.intltool-merge-cache $(top_srcdir)/po $< $@'
INTLTOOL_SERVICE_RULE='%.service: %.service.in   $(INTLTOOL_MERGE) $(wildcard $(top_srcdir)/po/*.po) ; $(INTLTOOL_V_MERGE)LC_ALL=C $(INTLTOOL_MERGE) $(INTLTOOL_V_MERGE_OPTIONS) -d -u -c $(top_builddir)/po/.intltool-merge-cache $(top_srcdir)/po $< $@'
INTLTOOL_SHEET_RULE='%.sheet:     %.sheet.in     $(INTLTOOL_MERGE) $(wildcard $(top_srcdir)/po/*.po) ; $(INTLTOOL_V_MERGE)LC_ALL=C $(INTLTOOL_MERGE) $(INTLTOOL_V_MERGE_OPTIONS) -x -u -c $(top_builddir)/po/.intltool-merge-cache $(top_srcdir)/po $< $@'
INTLTOOL_SOUNDLIST_RULE='%.soundlist: %.soundlist.in $(INTLTOOL_MERGE) $(wildcard $(top_srcdir)/po/*.po) ; $(INTLTOOL_V_MERGE)LC_ALL=C $(INTLTOOL_MERGE) $(INTLTOOL_V_MERGE_OPTIONS) -d -u -c $(top_builddir)/po/.intltool-merge-cache $(top_srcdir)/po $< $@'
INTLTOOL_THEME_RULE='%.theme:     %.theme.in     $(INTLTOOL_MERGE) $(wildcard $(top_srcdir)/po/*.po) ; $(INTLTOOL_V_MERGE)LC_ALL=C $(INTLTOOL_MERGE) $(INTLTOOL_V_MERGE_OPTIONS) -d -u -c $(top_builddir)/po/.intltool-merge-cache $(top_srcdir)/po $< $@'
INTLTOOL_UI_RULE='%.ui:        %.ui.in        $(INTLTOOL_MERGE) $(wildcard $(top_srcdir)/po/*.po) ; $(INTLTOOL_V_MERGE)LC_ALL=C $(INTLTOOL_MERGE) $(INTLTOOL_V_MERGE_OPTIONS) -x -u -c $(top_builddir)/po/.intltool-merge-cache $(top_srcdir)/po $< $@'
INTLTOOL_UPDATE='/usr/bin/intltool-update'
INTLTOOL_V_MERGE='$(INTLTOOL__v_MERGE_$(V))'
INTLTOOL_V_MERGE_OPTIONS='$(intltool__v_merge_options_$(V))'
INTLTOOL_XAM_RULE='%.xam:       %.xml.in       $(INTLTOOL_MERGE) $(wildcard $(top_srcdir)/po/*.po) ; $(INTLTOOL_V_MERGE)LC_ALL=C $(INTLTOOL_MERGE) $(INTLTOOL_V_MERGE_OPTIONS) -x -u -c $(top_builddir)/po/.intltool-merge-cache $(top_srcdir)/po $< $@'
INTLTOOL_XML_NOMERGE_RULE='%.xml:       %.xml.in       $(INTLTOOL_MERGE) ; $(INTLTOOL_V_MERGE)LC_ALL=C $(INTLTOOL_MERGE) $(INTLTOOL_V_MERGE_OPTIONS) -x -u --no-translations $< $@'
INTLTOOL_XML_RULE='%.xml:       %.xml.in       $(INTLTOOL_MERGE) $(wildcard $(top_srcdir)/po/*.po) ; $(INTLTOOL_V_MERGE)LC_ALL=C $(INTLTOOL_MERGE) $(INTLTOOL_V_MERGE_OPTIONS) -x -u -c $(top_builddir)/po/.intltool-merge-cache $(top_srcdir)/po $< $@'
INTLTOOL__v_MERGE_0='@echo "  ITMRG " $@;'
INTLTOOL__v_MERGE_='$(INTLTOOL__v_MERGE_$(AM_DEFAULT_VERBOSITY))'
INTL_MACOSX_LIBS=''
LDFLAGS=''
LIBICONV='-liconv'
LIBINTL=''
LIBOBJS=''
LIBS=''
LIB_MAN_DIR='$(mandir)/man$(LIB_MAN_SUFFIX)'
LIB_MAN_SUFFIX='3'
LTLIBICONV='-liconv'
LTLIBINTL=''
LTLIBOBJS=''
MAINT='#'
MAINTAINER_MODE_FALSE=''
MAINTAINER_MODE_TRUE='#'
MAKEINFO='${SHELL} /home/hugh/Downloads/xkeyboard-config-2.12/missing makeinfo'
MAN_SUBSTS='	-e '\''s|__vendorversion__|"$(PACKAGE_STRING)" "$(XORG_MAN_PAGE)"|'\'' 	-e '\''s|__xorgversion__|"$(PACKAGE_STRING)" "$(XORG_MAN_PAGE)"|'\'' 	-e '\''s|__xservername__|Xorg|g'\'' 	-e '\''s|__xconfigfile__|xorg.conf|g'\'' 	-e '\''s|__projectroot__|$(prefix)|g'\'' 	-e '\''s|__apploaddir__|$(appdefaultdir)|g'\'' 	-e '\''s|__appmansuffix__|$(APP_MAN_SUFFIX)|g'\'' 	-e '\''s|__drivermansuffix__|$(DRIVER_MAN_SUFFIX)|g'\'' 	-e '\''s|__adminmansuffix__|$(ADMIN_MAN_SUFFIX)|g'\'' 	-e '\''s|__libmansuffix__|$(LIB_MAN_SUFFIX)|g'\'' 	-e '\''s|__miscmansuffix__|$(MISC_MAN_SUFFIX)|g'\'' 	-e '\''s|__filemansuffix__|$(FILE_MAN_SUFFIX)|g'\'''
MISC_MAN_DIR='$(mandir)/man$(MISC_MAN_SUFFIX)'
MISC_MAN_SUFFIX='7'
MKDIR_P='/bin/mkdir -p'
MSGFMT='/usr/bin/msgfmt'
MSGFMT_015='/usr/bin/msgfmt'
MSGMERGE='/usr/bin/msgmerge'
OBJEXT='o'
PACKAGE='xkeyboard-config'
PACKAGE_BUGREPORT=''
PACKAGE_NAME='xkeyboard-config'
PACKAGE_STRING='xkeyboard-config 2.12'
PACKAGE_TARNAME='xkeyboard-config'
PACKAGE_URL=''
PACKAGE_VERSION='2.12'
PATH_SEPARATOR=':'
PKG_CONFIG=''
PKG_CONFIG_LIBDIR=''
PKG_CONFIG_PATH=''
POSUB='po'
SED='/bin/sed'
SET_MAKE=''
SHELL='/bin/bash'
STRIP=''
USE_COMPAT_RULES_FALSE='#'
USE_COMPAT_RULES_TRUE=''
USE_NLS='yes'
VERSION='2.12'
XGETTEXT='/usr/bin/xgettext'
XGETTEXT_015='/usr/bin/xgettext'
XGETTEXT_EXTRA_OPTIONS=''
XORG_MAN_PAGE='X Version 11'
XSLTPROC='/usr/bin/xsltproc'
ac_ct_CC='gcc'
am__EXEEXT_FALSE=''
am__EXEEXT_TRUE='#'
am__fastdepCC_FALSE=''
am__fastdepCC_TRUE='#'
am__include='include'
am__isrc=' -I$(srcdir)'
am__leading_dot='.'
am__nodep=''
am__quote=''
am__tar='$${TAR-tar} chof - "$$tardir"'
am__untar='$${TAR-tar} xf -'
bindir='${exec_prefix}/bin'
build='x86_64-pc-linux-gnu'
build_alias='x86_64-linux-gnu'
build_cpu='x86_64'
build_os='linux-gnu'
build_vendor='pc'
datadir='${datarootdir}'
datarootdir='${prefix}/share'
docdir='${datarootdir}/doc/${PACKAGE_TARNAME}'
dvidir='${docdir}'
exec_prefix='${prefix}'
host='x86_64-pc-linux-gnu'
host_alias=''
host_cpu='x86_64'
host_os='linux-gnu'
host_vendor='pc'
htmldir='${docdir}'
includedir='${prefix}/include'
infodir='${prefix}/share/info'
install_sh='${SHELL} /home/hugh/Downloads/xkeyboard-config-2.12/install-sh'
intltool__v_merge_options_0='-q'
intltool__v_merge_options_='$(intltool__v_merge_options_$(AM_DEFAULT_VERBOSITY))'
libdir='${exec_prefix}/lib'
libexecdir='${prefix}/lib/xkeyboard-config'
localedir='${datarootdir}/locale'
localstatedir='/var'
mandir='${prefix}/share/man'
mkdir_p='/bin/mkdir -p'
oldincludedir='/usr/include'
pdfdir='${docdir}'
prefix='/usr'
program_transform_name='s,x,x,'
psdir='${docdir}'
sbindir='${exec_prefix}/sbin'
sharedstatedir='${prefix}/com'
sysconfdir='/etc'
target_alias=''
xkb_base='/usr/share/X11/xkb'
xkb_rules_symlink='xfree86,xorg'

## ----------- ##
## confdefs.h. ##
## ----------- ##

/* confdefs.h */
#define PACKAGE_NAME "xkeyboard-config"
#define PACKAGE_TARNAME "xkeyboard-config"
#define PACKAGE_VERSION "2.12"
#define PACKAGE_STRING "xkeyboard-config 2.12"
#define PACKAGE_BUGREPORT ""
#define PACKAGE_URL ""
#define PACKAGE "xkeyboard-config"
#define VERSION "2.12"
#define ENABLE_NLS 1
#define HAVE_GETTEXT 1
#define HAVE_DCGETTEXT 1
#define GETTEXT_PACKAGE "xkeyboard-config"

configure: exit 0
